<?xml version="1.0" encoding="UTF-8"?>
<!-- Generated by org.testng.reporters.JUnitReportReporter -->
<testsuite hostname="Zaids-MacBook-M3.local" failures="0" tests="3" name="tests.SampleTest" time="49.559" errors="0" timestamp="2024-04-21T06:53:27 GST" skipped="0">
  <testcase classname="tests.SampleTest" name="walletCreationInAppTest" time="18.659"/>
  <system-out/>
  <testcase classname="tests.SampleTest" name="walletCreationSkipBackupTest" time="12.981"/>
  <system-out/>
  <testcase classname="tests.SampleTest" name="walletCreationExistingBitcoinTest" time="17.919"/>
  <system-out/>
</testsuite> <!-- tests.SampleTest -->
